<?xml version="1.0" encoding="UTF-8"?>
<!-- Generated by org.testng.reporters.JUnitXMLReporter -->
<testsuite hostname="DESKTOP-DKTMDDL" ignored="0" name="Surefire test" tests="2" failures="1" timestamp="01 Aug 2019 18:38:37 GMT" time="4.309" errors="0">
  <testcase name="testResponsecode" time="3.301" classname="getRequest.GetData"/>
  <testcase name="testResponsecode1" time="0.947" classname="getRequest.GetData">
    <failure type="java.lang.AssertionError" message="expected [403] but found [200]">
      <![CDATA[java.lang.AssertionError: expected [403] but found [200]
at getRequest.GetData.testResponsecode1(GetData.java:30)
... Removed 36 stack frames]]>
    </failure>
  </testcase> <!-- testResponsecode1 -->
</testsuite> <!-- Surefire test -->
