<?xml version="1.0" encoding="UTF-8"?>
<!-- Generated by org.testng.reporters.JUnitXMLReporter -->
<testsuite hostname="DESKTOP-DKTMDDL" ignored="0" name="Surefire test" tests="2" failures="1" timestamp="02 Aug 2019 15:40:51 GMT" time="9.562" errors="0">
  <testcase name="testShipToAddr" time="7.294" classname="getRequest.GetData"/>
  <testcase name="testSohdrContact" time="2.224" classname="getRequest.GetData">
    <failure type="java.lang.AssertionError" message="expected [200] but found [500]">
      <![CDATA[java.lang.AssertionError: expected [200] but found [500]
at getRequest.GetData.testSohdrContact(GetData.java:49)
... Removed 35 stack frames]]>
    </failure>
  </testcase> <!-- testSohdrContact -->
</testsuite> <!-- Surefire test -->
