<?xml version="1.0" encoding="UTF-8"?>
<testsuite xmlns:xsi="http://www.w3.org/2001/XMLSchema-instance" xsi:noNamespaceSchemaLocation="https://maven.apache.org/surefire/maven-surefire-plugin/xsd/surefire-test-report.xsd" name="getRequest.GetData" time="5.293" tests="2" errors="0" skipped="0" failures="1">
  <properties>
[...]
</properties>
  <testcase name="testResponsecode" classname="getRequest.GetData" time="3.302"/>
  <testcase name="testResponsecode1" classname="getRequest.GetData" time="0.975">
    <failure message="expected [403] but found [200]" type="java.lang.AssertionError">java.lang.AssertionError: expected [403] but found [200]
	at getRequest.GetData.testResponsecode1(GetData.java:30)
</failure>
    <system-out><![CDATA[23:38:36.108 [main] DEBUG org.apache.http.impl.conn.BasicClientConnectionManager - Get connection for route {s}->https://samples.openweathermap.org:443
23:38:36.109 [main] DEBUG org.apache.http.impl.conn.DefaultClientConnectionOperator - Connecting to samples.openweathermap.org:443
23:38:36.838 [main] DEBUG org.apache.http.client.protocol.RequestAddCookies - CookieSpec selected: ignoreCookies
23:38:36.838 [main] DEBUG org.apache.http.client.protocol.RequestAuthCache - Auth cache not set in the context
23:38:36.838 [main] DEBUG org.apache.http.client.protocol.RequestTargetAuthentication - Target auth state: UNCHALLENGED
23:38:36.838 [main] DEBUG org.apache.http.client.protocol.RequestProxyAuthentication - Proxy auth state: UNCHALLENGED
23:38:36.838 [main] DEBUG org.apache.http.impl.client.DefaultHttpClient - Attempt 1 to execute request
23:38:36.838 [main] DEBUG org.apache.http.impl.conn.DefaultClientConnection - Sending request: GET /data/2.5/weather?q=London%2Cuk&appid=b6907d289e10d714a6e88b30761fae22 HTTP/1.1
23:38:36.839 [main] DEBUG org.apache.http.wire -  >> "GET /data/2.5/weather?q=London%2Cuk&appid=b6907d289e10d714a6e88b30761fae22 HTTP/1.1[\r][\n]"
23:38:36.839 [main] DEBUG org.apache.http.wire -  >> "Accept: */*[\r][\n]"
23:38:36.845 [main] DEBUG org.apache.http.wire -  >> "Content-Length: 0[\r][\n]"
23:38:36.845 [main] DEBUG org.apache.http.wire -  >> "Host: samples.openweathermap.org[\r][\n]"
23:38:36.845 [main] DEBUG org.apache.http.wire -  >> "Connection: Keep-Alive[\r][\n]"
23:38:36.845 [main] DEBUG org.apache.http.wire -  >> "User-Agent: Apache-HttpClient/4.5.9 (Java/1.8.0_111)[\r][\n]"
23:38:36.846 [main] DEBUG org.apache.http.wire -  >> "Accept-Encoding: gzip,deflate[\r][\n]"
23:38:36.846 [main] DEBUG org.apache.http.wire -  >> "[\r][\n]"
23:38:36.846 [main] DEBUG org.apache.http.headers - >> GET /data/2.5/weather?q=London%2Cuk&appid=b6907d289e10d714a6e88b30761fae22 HTTP/1.1
23:38:36.846 [main] DEBUG org.apache.http.headers - >> Accept: */*
23:38:36.846 [main] DEBUG org.apache.http.headers - >> Content-Length: 0
23:38:36.846 [main] DEBUG org.apache.http.headers - >> Host: samples.openweathermap.org
23:38:36.846 [main] DEBUG org.apache.http.headers - >> Connection: Keep-Alive
23:38:36.846 [main] DEBUG org.apache.http.headers - >> User-Agent: Apache-HttpClient/4.5.9 (Java/1.8.0_111)
23:38:36.846 [main] DEBUG org.apache.http.headers - >> Accept-Encoding: gzip,deflate
23:38:37.022 [main] DEBUG org.apache.http.wire -  << "HTTP/1.1 200 OK[\r][\n]"
23:38:37.022 [main] DEBUG org.apache.http.wire -  << "Server: openresty/1.9.7.1[\r][\n]"
23:38:37.022 [main] DEBUG org.apache.http.wire -  << "Date: Thu, 01 Aug 2019 18:38:36 GMT[\r][\n]"
23:38:37.022 [main] DEBUG org.apache.http.wire -  << "Content-Type: application/json; charset=utf-8[\r][\n]"
23:38:37.022 [main] DEBUG org.apache.http.wire -  << "Transfer-Encoding: chunked[\r][\n]"
23:38:37.023 [main] DEBUG org.apache.http.wire -  << "Connection: keep-alive[\r][\n]"
23:38:37.023 [main] DEBUG org.apache.http.wire -  << "X-Frame-Options: SAMEORIGIN[\r][\n]"
23:38:37.023 [main] DEBUG org.apache.http.wire -  << "X-XSS-Protection: 1; mode=block[\r][\n]"
23:38:37.023 [main] DEBUG org.apache.http.wire -  << "X-Content-Type-Options: nosniff[\r][\n]"
23:38:37.023 [main] DEBUG org.apache.http.wire -  << "ETag: W/"e70c27085ed41de5321252b16c9582fe"[\r][\n]"
23:38:37.023 [main] DEBUG org.apache.http.wire -  << "Cache-Control: max-age=0, private, must-revalidate[\r][\n]"
23:38:37.023 [main] DEBUG org.apache.http.wire -  << "X-Request-Id: fad58766-f29c-481c-b9cc-42155181fee4[\r][\n]"
23:38:37.023 [main] DEBUG org.apache.http.wire -  << "X-Runtime: 0.000984[\r][\n]"
23:38:37.023 [main] DEBUG org.apache.http.wire -  << "Content-Encoding: gzip[\r][\n]"
23:38:37.023 [main] DEBUG org.apache.http.wire -  << "[\r][\n]"
23:38:37.024 [main] DEBUG org.apache.http.impl.conn.DefaultClientConnection - Receiving response: HTTP/1.1 200 OK
23:38:37.024 [main] DEBUG org.apache.http.headers - << HTTP/1.1 200 OK
23:38:37.024 [main] DEBUG org.apache.http.headers - << Server: openresty/1.9.7.1
23:38:37.024 [main] DEBUG org.apache.http.headers - << Date: Thu, 01 Aug 2019 18:38:36 GMT
23:38:37.024 [main] DEBUG org.apache.http.headers - << Content-Type: application/json; charset=utf-8
23:38:37.024 [main] DEBUG org.apache.http.headers - << Transfer-Encoding: chunked
23:38:37.024 [main] DEBUG org.apache.http.headers - << Connection: keep-alive
23:38:37.024 [main] DEBUG org.apache.http.headers - << X-Frame-Options: SAMEORIGIN
23:38:37.024 [main] DEBUG org.apache.http.headers - << X-XSS-Protection: 1; mode=block
23:38:37.024 [main] DEBUG org.apache.http.headers - << X-Content-Type-Options: nosniff
23:38:37.024 [main] DEBUG org.apache.http.headers - << ETag: W/"e70c27085ed41de5321252b16c9582fe"
23:38:37.024 [main] DEBUG org.apache.http.headers - << Cache-Control: max-age=0, private, must-revalidate
23:38:37.024 [main] DEBUG org.apache.http.headers - << X-Request-Id: fad58766-f29c-481c-b9cc-42155181fee4
23:38:37.024 [main] DEBUG org.apache.http.headers - << X-Runtime: 0.000984
23:38:37.024 [main] DEBUG org.apache.http.headers - << Content-Encoding: gzip
23:38:37.025 [main] DEBUG org.apache.http.impl.client.DefaultHttpClient - Connection can be kept alive indefinitely
23:38:37.025 [main] DEBUG io.restassured.internal.RequestSpecificationImpl$RestAssuredHttpBuilder - Parsing response as: application/json; charset=utf-8
23:38:37.025 [main] DEBUG org.apache.http.wire -  << "13f[\r][\n]"
23:38:37.025 [main] DEBUG org.apache.http.wire -  << "[0x1f]"
23:38:37.025 [main] DEBUG org.apache.http.wire -  << "[0x8b]"
23:38:37.025 [main] DEBUG org.apache.http.wire -  << "[0x8]"
23:38:37.025 [main] DEBUG org.apache.http.wire -  << "[0x0]"
23:38:37.025 [main] DEBUG org.apache.http.wire -  << "[0x0][0x0][0x0][0x0][0x0][0x3]"
23:38:37.025 [main] DEBUG io.restassured.internal.RequestSpecificationImpl$RestAssuredHttpBuilder - Parsed data to instance of: class org.apache.http.conn.EofSensorInputStream
Status code is 200
]]></system-out>
  </testcase>
</testsuite>